<?xml version="1.0" encoding="UTF-8"?>
<testng-results ignored="0" total="2" passed="2" failed="0" skipped="0">
  <reporter-output>
    <line>
      <![CDATA[customer created sucessfully]]>
    </line>
  </reporter-output>
  <suite started-at="2023-01-05T11:02:22 IST" name="Command line suite" finished-at="2023-01-05T11:03:10 IST" duration-ms="47737">
    <groups>
    </groups>
    <test started-at="2023-01-05T11:02:22 IST" name="Command line test" finished-at="2023-01-05T11:03:10 IST" duration-ms="47737">
      <class name="TestScript.ActicustomerCreateTest">
        <test-method is-config="true" signature="launchBrowser()[pri:0, instance:TestScript.ActicustomerCreateTest@6ab778a]" started-at="2023-01-05T11:02:22 IST" name="launchBrowser" finished-at="2023-01-05T11:02:26 IST" duration-ms="3756" status="PASS">
          <reporter-output>
          </reporter-output>
        </test-method> <!-- launchBrowser -->
        <test-method is-config="true" signature="login()[pri:0, instance:TestScript.ActicustomerCreateTest@6ab778a]" started-at="2023-01-05T11:02:26 IST" name="login" finished-at="2023-01-05T11:02:33 IST" duration-ms="7393" status="PASS">
          <reporter-output>
          </reporter-output>
        </test-method> <!-- login -->
        <test-method signature="createCustomer()[pri:0, instance:TestScript.ActicustomerCreateTest@6ab778a]" started-at="2023-01-05T11:02:33 IST" name="createCustomer" finished-at="2023-01-05T11:02:42 IST" duration-ms="8873" status="PASS">
          <reporter-output>
            <line>
              <![CDATA[customer created sucessfully]]>
            </line>
          </reporter-output>
        </test-method> <!-- createCustomer -->
        <test-method is-config="true" signature="logOut()[pri:0, instance:TestScript.ActicustomerCreateTest@6ab778a]" started-at="2023-01-05T11:02:42 IST" name="logOut" finished-at="2023-01-05T11:02:45 IST" duration-ms="3083" status="PASS">
          <reporter-output>
          </reporter-output>
        </test-method> <!-- logOut -->
        <test-method is-config="true" signature="closeBrowser()[pri:0, instance:TestScript.ActicustomerCreateTest@6ab778a]" started-at="2023-01-05T11:02:45 IST" name="closeBrowser" finished-at="2023-01-05T11:02:45 IST" duration-ms="321" status="PASS">
          <reporter-output>
          </reporter-output>
        </test-method> <!-- closeBrowser -->
      </class> <!-- TestScript.ActicustomerCreateTest -->
      <class name="TestScript.AlertpopTest">
        <test-method is-config="true" signature="launchBrowser()[pri:0, instance:TestScript.AlertpopTest@68e5eea7]" started-at="2023-01-05T11:02:45 IST" name="launchBrowser" finished-at="2023-01-05T11:02:48 IST" duration-ms="2871" status="PASS">
          <reporter-output>
          </reporter-output>
        </test-method> <!-- launchBrowser -->
        <test-method is-config="true" signature="login()[pri:0, instance:TestScript.AlertpopTest@68e5eea7]" started-at="2023-01-05T11:02:48 IST" name="login" finished-at="2023-01-05T11:02:56 IST" duration-ms="7365" status="PASS">
          <reporter-output>
          </reporter-output>
        </test-method> <!-- login -->
        <test-method signature="alertpopup()[pri:0, instance:TestScript.AlertpopTest@68e5eea7]" started-at="2023-01-05T11:02:56 IST" name="alertpopup" finished-at="2023-01-05T11:03:06 IST" duration-ms="10082" status="PASS">
          <reporter-output>
          </reporter-output>
        </test-method> <!-- alertpopup -->
        <test-method is-config="true" signature="logOut()[pri:0, instance:TestScript.AlertpopTest@68e5eea7]" started-at="2023-01-05T11:03:06 IST" name="logOut" finished-at="2023-01-05T11:03:09 IST" duration-ms="3253" status="PASS">
          <reporter-output>
          </reporter-output>
        </test-method> <!-- logOut -->
        <test-method is-config="true" signature="closeBrowser()[pri:0, instance:TestScript.AlertpopTest@68e5eea7]" started-at="2023-01-05T11:03:09 IST" name="closeBrowser" finished-at="2023-01-05T11:03:10 IST" duration-ms="667" status="PASS">
          <reporter-output>
          </reporter-output>
        </test-method> <!-- closeBrowser -->
      </class> <!-- TestScript.AlertpopTest -->
    </test> <!-- Command line test -->
  </suite> <!-- Command line suite -->
</testng-results>
