<?xml version="1.0" encoding="UTF-8"?>
<testng-results ignored="0" total="2" passed="2" failed="0" skipped="0">
  <reporter-output>
    <line>
      <![CDATA[customer created sucessfully]]>
    </line>
  </reporter-output>
  <suite started-at="2023-01-04T14:41:21 IST" name="Default suite" finished-at="2023-01-04T14:42:06 IST" duration-ms="45192">
    <groups>
    </groups>
    <test started-at="2023-01-04T14:41:21 IST" name="Default test" finished-at="2023-01-04T14:42:06 IST" duration-ms="45192">
      <class name="TestScript.ActicustomerCreateTest">
        <test-method is-config="true" signature="launchBrowser()[pri:0, instance:TestScript.ActicustomerCreateTest@6d4d66d2]" started-at="2023-01-04T14:41:21 IST" name="launchBrowser" finished-at="2023-01-04T14:41:24 IST" duration-ms="3652" status="PASS">
          <reporter-output>
          </reporter-output>
        </test-method> <!-- launchBrowser -->
        <test-method is-config="true" signature="login()[pri:0, instance:TestScript.ActicustomerCreateTest@6d4d66d2]" started-at="2023-01-04T14:41:24 IST" name="login" finished-at="2023-01-04T14:41:32 IST" duration-ms="7487" status="PASS">
          <reporter-output>
          </reporter-output>
        </test-method> <!-- login -->
        <test-method signature="createCustomer()[pri:0, instance:TestScript.ActicustomerCreateTest@6d4d66d2]" started-at="2023-01-04T14:41:32 IST" name="createCustomer" finished-at="2023-01-04T14:41:44 IST" duration-ms="12358" status="PASS">
          <reporter-output>
            <line>
              <![CDATA[customer created sucessfully]]>
            </line>
          </reporter-output>
        </test-method> <!-- createCustomer -->
        <test-method is-config="true" signature="logOut()[pri:0, instance:TestScript.ActicustomerCreateTest@6d4d66d2]" started-at="2023-01-04T14:41:44 IST" name="logOut" finished-at="2023-01-04T14:41:46 IST" duration-ms="2262" status="PASS">
          <reporter-output>
          </reporter-output>
        </test-method> <!-- logOut -->
        <test-method is-config="true" signature="closeBrowser()[pri:0, instance:TestScript.ActicustomerCreateTest@6d4d66d2]" started-at="2023-01-04T14:41:46 IST" name="closeBrowser" finished-at="2023-01-04T14:41:47 IST" duration-ms="265" status="PASS">
          <reporter-output>
          </reporter-output>
        </test-method> <!-- closeBrowser -->
      </class> <!-- TestScript.ActicustomerCreateTest -->
      <class name="TestScript.AlertpopTest">
        <test-method is-config="true" signature="launchBrowser()[pri:0, instance:TestScript.AlertpopTest@1530c739]" started-at="2023-01-04T14:41:47 IST" name="launchBrowser" finished-at="2023-01-04T14:41:48 IST" duration-ms="1565" status="PASS">
          <reporter-output>
          </reporter-output>
        </test-method> <!-- launchBrowser -->
        <test-method is-config="true" signature="login()[pri:0, instance:TestScript.AlertpopTest@1530c739]" started-at="2023-01-04T14:41:48 IST" name="login" finished-at="2023-01-04T14:41:55 IST" duration-ms="6952" status="PASS">
          <reporter-output>
          </reporter-output>
        </test-method> <!-- login -->
        <test-method signature="alertpopup()[pri:0, instance:TestScript.AlertpopTest@1530c739]" started-at="2023-01-04T14:41:55 IST" name="alertpopup" finished-at="2023-01-04T14:42:02 IST" duration-ms="7050" status="PASS">
          <reporter-output>
          </reporter-output>
        </test-method> <!-- alertpopup -->
        <test-method is-config="true" signature="logOut()[pri:0, instance:TestScript.AlertpopTest@1530c739]" started-at="2023-01-04T14:42:02 IST" name="logOut" finished-at="2023-01-04T14:42:06 IST" duration-ms="3274" status="PASS">
          <reporter-output>
          </reporter-output>
        </test-method> <!-- logOut -->
        <test-method is-config="true" signature="closeBrowser()[pri:0, instance:TestScript.AlertpopTest@1530c739]" started-at="2023-01-04T14:42:06 IST" name="closeBrowser" finished-at="2023-01-04T14:42:06 IST" duration-ms="250" status="PASS">
          <reporter-output>
          </reporter-output>
        </test-method> <!-- closeBrowser -->
      </class> <!-- TestScript.AlertpopTest -->
    </test> <!-- Default test -->
  </suite> <!-- Default suite -->
</testng-results>
